Analysis & Synthesis report for QamCodeModem
Fri Mar 06 16:40:15 2026
Quartus II 64-Bit Version 13.1.0 Build 162 10/23/2013 SJ Full Version


---------------------
; Table of Contents ;
---------------------
  1. Legal Notice
  2. Analysis & Synthesis Summary
  3. Analysis & Synthesis Settings
  4. Parallel Compilation
  5. Analysis & Synthesis Source Files Read
  6. Analysis & Synthesis Resource Usage Summary
  7. Analysis & Synthesis Resource Utilization by Entity
  8. Analysis & Synthesis RAM Summary
  9. Analysis & Synthesis IP Cores Summary
 10. Registers Removed During Synthesis
 11. General Register Statistics
 12. Inverted Register Statistics
 13. Multiplexer Restructuring Statistics (Restructuring Performed)
 14. Parameter Settings for User Entity Instance: CarrierModulator:u3
 15. Parameter Settings for User Entity Instance: CarrierModulator:u3|nco:nco_inst|nco_st:nco_st_inst
 16. Parameter Settings for Inferred Entity Instance: CarrierModulator:u3|lpm_mult:Mult1
 17. Parameter Settings for Inferred Entity Instance: CarrierModulator:u3|lpm_mult:Mult0
 18. lpm_mult Parameter Settings by Entity Instance
 19. Port Connectivity Checks: "CarrierModulator:u3|nco:nco_inst"
 20. Elapsed Time Per Partition
 21. Analysis & Synthesis Messages



----------------
; Legal Notice ;
----------------
Copyright (C) 1991-2013 Altera Corporation
Your use of Altera Corporation's design tools, logic functions 
and other software and tools, and its AMPP partner logic 
functions, and any output files from any of the foregoing 
(including device programming or simulation files), and any 
associated documentation or information are expressly subject 
to the terms and conditions of the Altera Program License 
Subscription Agreement, Altera MegaCore Function License 
Agreement, or other applicable license agreement, including, 
without limitation, that your use is for the sole purpose of 
programming logic devices manufactured by Altera and sold by 
Altera or its authorized distributors.  Please refer to the 
applicable agreement for further details.



+----------------------------------------------------------------------------------+
; Analysis & Synthesis Summary                                                     ;
+------------------------------------+---------------------------------------------+
; Analysis & Synthesis Status        ; Successful - Fri Mar 06 16:40:14 2026       ;
; Quartus II 64-Bit Version          ; 13.1.0 Build 162 10/23/2013 SJ Full Version ;
; Revision Name                      ; QamCodeModem                                ;
; Top-level Entity Name              ; QamCodeModem                                ;
; Family                             ; Cyclone IV E                                ;
; Total logic elements               ; 521                                         ;
;     Total combinational functions  ; 374                                         ;
;     Dedicated logic registers      ; 298                                         ;
; Total registers                    ; 298                                         ;
; Total pins                         ; 72                                          ;
; Total virtual pins                 ; 0                                           ;
; Total memory bits                  ; 68                                          ;
; Embedded Multiplier 9-bit elements ; 0                                           ;
; Total PLLs                         ; 0                                           ;
+------------------------------------+---------------------------------------------+


+----------------------------------------------------------------------------------------------------------------------+
; Analysis & Synthesis Settings                                                                                        ;
+----------------------------------------------------------------------------+--------------------+--------------------+
; Option                                                                     ; Setting            ; Default Value      ;
+----------------------------------------------------------------------------+--------------------+--------------------+
; Device                                                                     ; EP4CE15F17C8       ;                    ;
; Top-level entity name                                                      ; QamCodeModem       ; QamCodeModem       ;
; Family name                                                                ; Cyclone IV E       ; Cyclone IV GX      ;
; Use smart compilation                                                      ; Off                ; Off                ;
; Enable parallel Assembler and TimeQuest Timing Analyzer during compilation ; On                 ; On                 ;
; Enable compact report table                                                ; Off                ; Off                ;
; Restructure Multiplexers                                                   ; Auto               ; Auto               ;
; Create Debugging Nodes for IP Cores                                        ; Off                ; Off                ;
; Preserve fewer node names                                                  ; On                 ; On                 ;
; Disable OpenCore Plus hardware evaluation                                  ; Off                ; Off                ;
; Verilog Version                                                            ; Verilog_2001       ; Verilog_2001       ;
; VHDL Version                                                               ; VHDL_1993          ; VHDL_1993          ;
; State Machine Processing                                                   ; Auto               ; Auto               ;
; Safe State Machine                                                         ; Off                ; Off                ;
; Extract Verilog State Machines                                             ; On                 ; On                 ;
; Extract VHDL State Machines                                                ; On                 ; On                 ;
; Ignore Verilog initial constructs                                          ; Off                ; Off                ;
; Iteration limit for constant Verilog loops                                 ; 5000               ; 5000               ;
; Iteration limit for non-constant Verilog loops                             ; 250                ; 250                ;
; Add Pass-Through Logic to Inferred RAMs                                    ; On                 ; On                 ;
; Infer RAMs from Raw Logic                                                  ; On                 ; On                 ;
; Parallel Synthesis                                                         ; On                 ; On                 ;
; DSP Block Balancing                                                        ; Auto               ; Auto               ;
; NOT Gate Push-Back                                                         ; On                 ; On                 ;
; Power-Up Don't Care                                                        ; On                 ; On                 ;
; Remove Redundant Logic Cells                                               ; Off                ; Off                ;
; Remove Duplicate Registers                                                 ; On                 ; On                 ;
; Ignore CARRY Buffers                                                       ; Off                ; Off                ;
; Ignore CASCADE Buffers                                                     ; Off                ; Off                ;
; Ignore GLOBAL Buffers                                                      ; Off                ; Off                ;
; Ignore ROW GLOBAL Buffers                                                  ; Off                ; Off                ;
; Ignore LCELL Buffers                                                       ; Off                ; Off                ;
; Ignore SOFT Buffers                                                        ; On                 ; On                 ;
; Limit AHDL Integers to 32 Bits                                             ; Off                ; Off                ;
; Optimization Technique                                                     ; Balanced           ; Balanced           ;
; Carry Chain Length                                                         ; 70                 ; 70                 ;
; Auto Carry Chains                                                          ; On                 ; On                 ;
; Auto Open-Drain Pins                                                       ; On                 ; On                 ;
; Perform WYSIWYG Primitive Resynthesis                                      ; Off                ; Off                ;
; Auto ROM Replacement                                                       ; On                 ; On                 ;
; Auto RAM Replacement                                                       ; On                 ; On                 ;
; Auto DSP Block Replacement                                                 ; On                 ; On                 ;
; Auto Shift Register Replacement                                            ; Auto               ; Auto               ;
; Allow Shift Register Merging across Hierarchies                            ; Auto               ; Auto               ;
; Auto Clock Enable Replacement                                              ; On                 ; On                 ;
; Strict RAM Replacement                                                     ; Off                ; Off                ;
; Allow Synchronous Control Signals                                          ; On                 ; On                 ;
; Force Use of Synchronous Clear Signals                                     ; Off                ; Off                ;
; Auto RAM Block Balancing                                                   ; On                 ; On                 ;
; Auto RAM to Logic Cell Conversion                                          ; Off                ; Off                ;
; Auto Resource Sharing                                                      ; Off                ; Off                ;
; Allow Any RAM Size For Recognition                                         ; Off                ; Off                ;
; Allow Any ROM Size For Recognition                                         ; Off                ; Off                ;
; Allow Any Shift Register Size For Recognition                              ; Off                ; Off                ;
; Use LogicLock Constraints during Resource Balancing                        ; On                 ; On                 ;
; Ignore translate_off and synthesis_off directives                          ; Off                ; Off                ;
; Timing-Driven Synthesis                                                    ; On                 ; On                 ;
; Report Parameter Settings                                                  ; On                 ; On                 ;
; Report Source Assignments                                                  ; On                 ; On                 ;
; Report Connectivity Checks                                                 ; On                 ; On                 ;
; Ignore Maximum Fan-Out Assignments                                         ; Off                ; Off                ;
; Synchronization Register Chain Length                                      ; 2                  ; 2                  ;
; PowerPlay Power Optimization                                               ; Normal compilation ; Normal compilation ;
; HDL message level                                                          ; Level2             ; Level2             ;
; Suppress Register Optimization Related Messages                            ; Off                ; Off                ;
; Number of Removed Registers Reported in Synthesis Report                   ; 5000               ; 5000               ;
; Number of Swept Nodes Reported in Synthesis Report                         ; 5000               ; 5000               ;
; Number of Inverted Registers Reported in Synthesis Report                  ; 100                ; 100                ;
; Clock MUX Protection                                                       ; On                 ; On                 ;
; Auto Gated Clock Conversion                                                ; Off                ; Off                ;
; Block Design Naming                                                        ; Auto               ; Auto               ;
; SDC constraint protection                                                  ; Off                ; Off                ;
; Synthesis Effort                                                           ; Auto               ; Auto               ;
; Shift Register Replacement - Allow Asynchronous Clear Signal               ; On                 ; On                 ;
; Pre-Mapping Resynthesis Optimization                                       ; Off                ; Off                ;
; Analysis & Synthesis Message Level                                         ; Medium             ; Medium             ;
; Disable Register Merging Across Hierarchies                                ; Auto               ; Auto               ;
; Resource Aware Inference For Block RAM                                     ; On                 ; On                 ;
; Synthesis Seed                                                             ; 1                  ; 1                  ;
+----------------------------------------------------------------------------+--------------------+--------------------+


+------------------------------------------+
; Parallel Compilation                     ;
+----------------------------+-------------+
; Processors                 ; Number      ;
+----------------------------+-------------+
; Number detected on machine ; 16          ;
; Maximum allowed            ; 16          ;
;                            ;             ;
; Average used               ; 1.00        ;
; Maximum used               ; 1           ;
;                            ;             ;
; Usage by Processor         ; % Time Used ;
;     Processor 1            ; 100.0%      ;
;     Processors 2-16        ;   0.0%      ;
+----------------------------+-------------+


+---------------------------------------------------------------------------------------------------------------------------------------------------------------------------------------+
; Analysis & Synthesis Source Files Read                                                                                                                                                ;
+----------------------------------+-----------------+----------------------------------------+-------------------------------------------------------------------------------+---------+
; File Name with User-Entered Path ; Used in Netlist ; File Type                              ; File Name with Absolute Path                                                  ; Library ;
+----------------------------------+-----------------+----------------------------------------+-------------------------------------------------------------------------------+---------+
; QamCodeModem.v                   ; yes             ; User Verilog HDL File                  ; D:/Quartus13.1/altera/program/QamCodeModem/QamCodeModem.v                     ;         ;
; CodeMap.v                        ; yes             ; User Verilog HDL File                  ; D:/Quartus13.1/altera/program/QamCodeModem/CodeMap.v                          ;         ;
; DeCodeMap.v                      ; yes             ; User Verilog HDL File                  ; D:/Quartus13.1/altera/program/QamCodeModem/DeCodeMap.v                        ;         ;
; CarrierModulator.v               ; yes             ; User Verilog HDL File                  ; D:/Quartus13.1/altera/program/QamCodeModem/CarrierModulator.v                 ;         ;
; FilterWrapper.v                  ; yes             ; User Verilog HDL File                  ; D:/Quartus13.1/altera/program/QamCodeModem/FilterWrapper.v                    ;         ;
; nco_st.v                         ; yes             ; User Verilog HDL File                  ; D:/Quartus13.1/altera/program/QamCodeModem/nco_st.v                           ;         ;
; nco.v                            ; yes             ; User Wizard-Generated File             ; D:/Quartus13.1/altera/program/QamCodeModem/nco.v                              ;         ;
; asj_xnqg.v                       ; yes             ; Encrypted Auto-Found Verilog HDL File  ; D:/Quartus13.1/altera/program/QamCodeModem/nco-library/asj_xnqg.v             ;         ;
; segment_arr_tdl.v                ; yes             ; Encrypted Auto-Found Verilog HDL File  ; D:/Quartus13.1/altera/program/QamCodeModem/nco-library/segment_arr_tdl.v      ;         ;
; asj_altqmcpipe.v                 ; yes             ; Encrypted Auto-Found Verilog HDL File  ; D:/Quartus13.1/altera/program/QamCodeModem/nco-library/asj_altqmcpipe.v       ;         ;
; lpm_add_sub.tdf                  ; yes             ; Megafunction                           ; d:/quartus13.1/altera/quartus/libraries/megafunctions/lpm_add_sub.tdf         ;         ;
; addcore.inc                      ; yes             ; Megafunction                           ; d:/quartus13.1/altera/quartus/libraries/megafunctions/addcore.inc             ;         ;
; look_add.inc                     ; yes             ; Megafunction                           ; d:/quartus13.1/altera/quartus/libraries/megafunctions/look_add.inc            ;         ;
; bypassff.inc                     ; yes             ; Megafunction                           ; d:/quartus13.1/altera/quartus/libraries/megafunctions/bypassff.inc            ;         ;
; altshift.inc                     ; yes             ; Megafunction                           ; d:/quartus13.1/altera/quartus/libraries/megafunctions/altshift.inc            ;         ;
; alt_stratix_add_sub.inc          ; yes             ; Megafunction                           ; d:/quartus13.1/altera/quartus/libraries/megafunctions/alt_stratix_add_sub.inc ;         ;
; aglobal131.inc                   ; yes             ; Megafunction                           ; d:/quartus13.1/altera/quartus/libraries/megafunctions/aglobal131.inc          ;         ;
; db/add_sub_05i.tdf               ; yes             ; Auto-Generated Megafunction            ; D:/Quartus13.1/altera/program/QamCodeModem/db/add_sub_05i.tdf                 ;         ;
; asj_dxx_g.v                      ; yes             ; Encrypted Auto-Found Verilog HDL File  ; D:/Quartus13.1/altera/program/QamCodeModem/nco-library/asj_dxx_g.v            ;         ;
; asj_dxx.v                        ; yes             ; Encrypted Auto-Found Verilog HDL File  ; D:/Quartus13.1/altera/program/QamCodeModem/nco-library/asj_dxx.v              ;         ;
; db/add_sub_qth.tdf               ; yes             ; Auto-Generated Megafunction            ; D:/Quartus13.1/altera/program/QamCodeModem/db/add_sub_qth.tdf                 ;         ;
; asj_nco_apr_dxx.v                ; yes             ; Encrypted Auto-Found Verilog HDL File  ; D:/Quartus13.1/altera/program/QamCodeModem/nco-library/asj_nco_apr_dxx.v      ;         ;
; asj_gar.v                        ; yes             ; Encrypted Auto-Found Verilog HDL File  ; D:/Quartus13.1/altera/program/QamCodeModem/nco-library/asj_gar.v              ;         ;
; sid_2c_1p.v                      ; yes             ; Encrypted Auto-Found Verilog HDL File  ; D:/Quartus13.1/altera/program/QamCodeModem/nco-library/sid_2c_1p.v            ;         ;
; asj_nco_as_m_cen.v               ; yes             ; Encrypted Auto-Found Verilog HDL File  ; D:/Quartus13.1/altera/program/QamCodeModem/nco-library/asj_nco_as_m_cen.v     ;         ;
; altsyncram.tdf                   ; yes             ; Megafunction                           ; d:/quartus13.1/altera/quartus/libraries/megafunctions/altsyncram.tdf          ;         ;
; stratix_ram_block.inc            ; yes             ; Megafunction                           ; d:/quartus13.1/altera/quartus/libraries/megafunctions/stratix_ram_block.inc   ;         ;
; lpm_mux.inc                      ; yes             ; Megafunction                           ; d:/quartus13.1/altera/quartus/libraries/megafunctions/lpm_mux.inc             ;         ;
; lpm_decode.inc                   ; yes             ; Megafunction                           ; d:/quartus13.1/altera/quartus/libraries/megafunctions/lpm_decode.inc          ;         ;
; a_rdenreg.inc                    ; yes             ; Megafunction                           ; d:/quartus13.1/altera/quartus/libraries/megafunctions/a_rdenreg.inc           ;         ;
; altrom.inc                       ; yes             ; Megafunction                           ; d:/quartus13.1/altera/quartus/libraries/megafunctions/altrom.inc              ;         ;
; altram.inc                       ; yes             ; Megafunction                           ; d:/quartus13.1/altera/quartus/libraries/megafunctions/altram.inc              ;         ;
; altdpram.inc                     ; yes             ; Megafunction                           ; d:/quartus13.1/altera/quartus/libraries/megafunctions/altdpram.inc            ;         ;
; db/altsyncram_ot81.tdf           ; yes             ; Auto-Generated Megafunction            ; D:/Quartus13.1/altera/program/QamCodeModem/db/altsyncram_ot81.tdf             ;         ;
; nco_sin.hex                      ; yes             ; Auto-Found Memory Initialization File  ; D:/Quartus13.1/altera/program/QamCodeModem/nco_sin.hex                        ;         ;
; db/altsyncram_jt81.tdf           ; yes             ; Auto-Generated Megafunction            ; D:/Quartus13.1/altera/program/QamCodeModem/db/altsyncram_jt81.tdf             ;         ;
; nco_cos.hex                      ; yes             ; Auto-Found Memory Initialization File  ; D:/Quartus13.1/altera/program/QamCodeModem/nco_cos.hex                        ;         ;
; segment_sel.v                    ; yes             ; Encrypted Auto-Found Verilog HDL File  ; D:/Quartus13.1/altera/program/QamCodeModem/nco-library/segment_sel.v          ;         ;
; asj_nco_mob_rw.v                 ; yes             ; Encrypted Auto-Found Verilog HDL File  ; D:/Quartus13.1/altera/program/QamCodeModem/nco-library/asj_nco_mob_rw.v       ;         ;
; asj_nco_isdr.v                   ; yes             ; Encrypted Auto-Found Verilog HDL File  ; D:/Quartus13.1/altera/program/QamCodeModem/nco-library/asj_nco_isdr.v         ;         ;
; lpm_counter.tdf                  ; yes             ; Megafunction                           ; d:/quartus13.1/altera/quartus/libraries/megafunctions/lpm_counter.tdf         ;         ;
; lpm_constant.inc                 ; yes             ; Megafunction                           ; d:/quartus13.1/altera/quartus/libraries/megafunctions/lpm_constant.inc        ;         ;
; lpm_add_sub.inc                  ; yes             ; Megafunction                           ; d:/quartus13.1/altera/quartus/libraries/megafunctions/lpm_add_sub.inc         ;         ;
; cmpconst.inc                     ; yes             ; Megafunction                           ; d:/quartus13.1/altera/quartus/libraries/megafunctions/cmpconst.inc            ;         ;
; lpm_compare.inc                  ; yes             ; Megafunction                           ; d:/quartus13.1/altera/quartus/libraries/megafunctions/lpm_compare.inc         ;         ;
; lpm_counter.inc                  ; yes             ; Megafunction                           ; d:/quartus13.1/altera/quartus/libraries/megafunctions/lpm_counter.inc         ;         ;
; dffeea.inc                       ; yes             ; Megafunction                           ; d:/quartus13.1/altera/quartus/libraries/megafunctions/dffeea.inc              ;         ;
; alt_counter_stratix.inc          ; yes             ; Megafunction                           ; d:/quartus13.1/altera/quartus/libraries/megafunctions/alt_counter_stratix.inc ;         ;
; db/cntr_ori.tdf                  ; yes             ; Auto-Generated Megafunction            ; D:/Quartus13.1/altera/program/QamCodeModem/db/cntr_ori.tdf                    ;         ;
; lpm_mult.tdf                     ; yes             ; Megafunction                           ; d:/quartus13.1/altera/quartus/libraries/megafunctions/lpm_mult.tdf            ;         ;
; multcore.inc                     ; yes             ; Megafunction                           ; d:/quartus13.1/altera/quartus/libraries/megafunctions/multcore.inc            ;         ;
; multcore.tdf                     ; yes             ; Megafunction                           ; d:/quartus13.1/altera/quartus/libraries/megafunctions/multcore.tdf            ;         ;
; csa_add.inc                      ; yes             ; Megafunction                           ; d:/quartus13.1/altera/quartus/libraries/megafunctions/csa_add.inc             ;         ;
; mpar_add.inc                     ; yes             ; Megafunction                           ; d:/quartus13.1/altera/quartus/libraries/megafunctions/mpar_add.inc            ;         ;
; muleabz.inc                      ; yes             ; Megafunction                           ; d:/quartus13.1/altera/quartus/libraries/megafunctions/muleabz.inc             ;         ;
; mul_lfrg.inc                     ; yes             ; Megafunction                           ; d:/quartus13.1/altera/quartus/libraries/megafunctions/mul_lfrg.inc            ;         ;
; mul_boothc.inc                   ; yes             ; Megafunction                           ; d:/quartus13.1/altera/quartus/libraries/megafunctions/mul_boothc.inc          ;         ;
; alt_ded_mult.inc                 ; yes             ; Megafunction                           ; d:/quartus13.1/altera/quartus/libraries/megafunctions/alt_ded_mult.inc        ;         ;
; alt_ded_mult_y.inc               ; yes             ; Megafunction                           ; d:/quartus13.1/altera/quartus/libraries/megafunctions/alt_ded_mult_y.inc      ;         ;
; dffpipe.inc                      ; yes             ; Megafunction                           ; d:/quartus13.1/altera/quartus/libraries/megafunctions/dffpipe.inc             ;         ;
; mul_lfrg.tdf                     ; yes             ; Megafunction                           ; d:/quartus13.1/altera/quartus/libraries/megafunctions/mul_lfrg.tdf            ;         ;
; mpar_add.tdf                     ; yes             ; Megafunction                           ; d:/quartus13.1/altera/quartus/libraries/megafunctions/mpar_add.tdf            ;         ;
; db/add_sub_mpf.tdf               ; yes             ; Auto-Generated Megafunction            ; D:/Quartus13.1/altera/program/QamCodeModem/db/add_sub_mpf.tdf                 ;         ;
; db/add_sub_v5h.tdf               ; yes             ; Auto-Generated Megafunction            ; D:/Quartus13.1/altera/program/QamCodeModem/db/add_sub_v5h.tdf                 ;         ;
; altshift.tdf                     ; yes             ; Megafunction                           ; d:/quartus13.1/altera/quartus/libraries/megafunctions/altshift.tdf            ;         ;
+----------------------------------+-----------------+----------------------------------------+-------------------------------------------------------------------------------+---------+


+---------------------------------------------------------+
; Analysis & Synthesis Resource Usage Summary             ;
+---------------------------------------------+-----------+
; Resource                                    ; Usage     ;
+---------------------------------------------+-----------+
; Estimated Total logic elements              ; 521       ;
;                                             ;           ;
; Total combinational functions               ; 374       ;
; Logic element usage by number of LUT inputs ;           ;
;     -- 4 input functions                    ; 59        ;
;     -- 3 input functions                    ; 255       ;
;     -- <=2 input functions                  ; 60        ;
;                                             ;           ;
; Logic elements by mode                      ;           ;
;     -- normal mode                          ; 248       ;
;     -- arithmetic mode                      ; 126       ;
;                                             ;           ;
; Total registers                             ; 298       ;
;     -- Dedicated logic registers            ; 298       ;
;     -- I/O registers                        ; 0         ;
;                                             ;           ;
; I/O pins                                    ; 72        ;
; Total memory bits                           ; 68        ;
; Embedded Multiplier 9-bit elements          ; 0         ;
; Maximum fan-out node                        ; clk~input ;
; Maximum fan-out                             ; 332       ;
; Total fan-out                               ; 2268      ;
; Average fan-out                             ; 2.67      ;
+---------------------------------------------+-----------+


+-------------------------------------------------------------------------------------------------------------------------------------------------------------------------------------------------------------------------------------------------------------------------------------------------------------------------------------------+
; Analysis & Synthesis Resource Utilization by Entity                                                                                                                                                                                                                                                                                       ;
+----------------------------------------------------+-------------------+--------------+-------------+--------------+---------+-----------+------+--------------+-----------------------------------------------------------------------------------------------------------------------------------------------------------+--------------+
; Compilation Hierarchy Node                         ; LC Combinationals ; LC Registers ; Memory Bits ; DSP Elements ; DSP 9x9 ; DSP 18x18 ; Pins ; Virtual Pins ; Full Hierarchy Name                                                                                                                                       ; Library Name ;
+----------------------------------------------------+-------------------+--------------+-------------+--------------+---------+-----------+------+--------------+-----------------------------------------------------------------------------------------------------------------------------------------------------------+--------------+
; |QamCodeModem                                      ; 374 (1)           ; 298 (0)      ; 68          ; 0            ; 0       ; 0         ; 72   ; 0            ; |QamCodeModem                                                                                                                                             ; work         ;
;    |CarrierModulator:u3|                           ; 361 (64)          ; 280 (63)     ; 68          ; 0            ; 0       ; 0         ; 0    ; 0            ; |QamCodeModem|CarrierModulator:u3                                                                                                                         ; work         ;
;       |lpm_mult:Mult0|                             ; 71 (0)            ; 0 (0)        ; 0           ; 0            ; 0       ; 0         ; 0    ; 0            ; |QamCodeModem|CarrierModulator:u3|lpm_mult:Mult0                                                                                                          ; work         ;
;          |multcore:mult_core|                      ; 71 (0)            ; 0 (0)        ; 0           ; 0            ; 0       ; 0         ; 0    ; 0            ; |QamCodeModem|CarrierModulator:u3|lpm_mult:Mult0|multcore:mult_core                                                                                       ; work         ;
;             |mpar_add:padder|                      ; 20 (5)            ; 0 (0)        ; 0           ; 0            ; 0       ; 0         ; 0    ; 0            ; |QamCodeModem|CarrierModulator:u3|lpm_mult:Mult0|multcore:mult_core|mpar_add:padder                                                                       ; work         ;
;                |lpm_add_sub:booth_adder_right|     ; 15 (0)            ; 0 (0)        ; 0           ; 0            ; 0       ; 0         ; 0    ; 0            ; |QamCodeModem|CarrierModulator:u3|lpm_mult:Mult0|multcore:mult_core|mpar_add:padder|lpm_add_sub:booth_adder_right                                         ; work         ;
;                   |add_sub_mpf:auto_generated|     ; 15 (15)           ; 0 (0)        ; 0           ; 0            ; 0       ; 0         ; 0    ; 0            ; |QamCodeModem|CarrierModulator:u3|lpm_mult:Mult0|multcore:mult_core|mpar_add:padder|lpm_add_sub:booth_adder_right|add_sub_mpf:auto_generated              ; work         ;
;             |mul_lfrg:$00031|                      ; 1 (1)             ; 0 (0)        ; 0           ; 0            ; 0       ; 0         ; 0    ; 0            ; |QamCodeModem|CarrierModulator:u3|lpm_mult:Mult0|multcore:mult_core|mul_lfrg:$00031                                                                       ; work         ;
;             |mul_lfrg:$00033|                      ; 1 (1)             ; 0 (0)        ; 0           ; 0            ; 0       ; 0         ; 0    ; 0            ; |QamCodeModem|CarrierModulator:u3|lpm_mult:Mult0|multcore:mult_core|mul_lfrg:$00033                                                                       ; work         ;
;             |mul_lfrg:$00035|                      ; 1 (1)             ; 0 (0)        ; 0           ; 0            ; 0       ; 0         ; 0    ; 0            ; |QamCodeModem|CarrierModulator:u3|lpm_mult:Mult0|multcore:mult_core|mul_lfrg:$00035                                                                       ; work         ;
;             |mul_lfrg:mul_lfrg_first_mod|          ; 30 (30)           ; 0 (0)        ; 0           ; 0            ; 0       ; 0         ; 0    ; 0            ; |QamCodeModem|CarrierModulator:u3|lpm_mult:Mult0|multcore:mult_core|mul_lfrg:mul_lfrg_first_mod                                                           ; work         ;
;             |mul_lfrg:mul_lfrg_last_mod|           ; 18 (18)           ; 0 (0)        ; 0           ; 0            ; 0       ; 0         ; 0    ; 0            ; |QamCodeModem|CarrierModulator:u3|lpm_mult:Mult0|multcore:mult_core|mul_lfrg:mul_lfrg_last_mod                                                            ; work         ;
;       |lpm_mult:Mult1|                             ; 71 (0)            ; 0 (0)        ; 0           ; 0            ; 0       ; 0         ; 0    ; 0            ; |QamCodeModem|CarrierModulator:u3|lpm_mult:Mult1                                                                                                          ; work         ;
;          |multcore:mult_core|                      ; 71 (0)            ; 0 (0)        ; 0           ; 0            ; 0       ; 0         ; 0    ; 0            ; |QamCodeModem|CarrierModulator:u3|lpm_mult:Mult1|multcore:mult_core                                                                                       ; work         ;
;             |mpar_add:padder|                      ; 20 (5)            ; 0 (0)        ; 0           ; 0            ; 0       ; 0         ; 0    ; 0            ; |QamCodeModem|CarrierModulator:u3|lpm_mult:Mult1|multcore:mult_core|mpar_add:padder                                                                       ; work         ;
;                |lpm_add_sub:booth_adder_right|     ; 15 (0)            ; 0 (0)        ; 0           ; 0            ; 0       ; 0         ; 0    ; 0            ; |QamCodeModem|CarrierModulator:u3|lpm_mult:Mult1|multcore:mult_core|mpar_add:padder|lpm_add_sub:booth_adder_right                                         ; work         ;
;                   |add_sub_mpf:auto_generated|     ; 15 (15)           ; 0 (0)        ; 0           ; 0            ; 0       ; 0         ; 0    ; 0            ; |QamCodeModem|CarrierModulator:u3|lpm_mult:Mult1|multcore:mult_core|mpar_add:padder|lpm_add_sub:booth_adder_right|add_sub_mpf:auto_generated              ; work         ;
;             |mul_lfrg:$00031|                      ; 1 (1)             ; 0 (0)        ; 0           ; 0            ; 0       ; 0         ; 0    ; 0            ; |QamCodeModem|CarrierModulator:u3|lpm_mult:Mult1|multcore:mult_core|mul_lfrg:$00031                                                                       ; work         ;
;             |mul_lfrg:$00033|                      ; 1 (1)             ; 0 (0)        ; 0           ; 0            ; 0       ; 0         ; 0    ; 0            ; |QamCodeModem|CarrierModulator:u3|lpm_mult:Mult1|multcore:mult_core|mul_lfrg:$00033                                                                       ; work         ;
;             |mul_lfrg:$00035|                      ; 1 (1)             ; 0 (0)        ; 0           ; 0            ; 0       ; 0         ; 0    ; 0            ; |QamCodeModem|CarrierModulator:u3|lpm_mult:Mult1|multcore:mult_core|mul_lfrg:$00035                                                                       ; work         ;
;             |mul_lfrg:mul_lfrg_first_mod|          ; 30 (30)           ; 0 (0)        ; 0           ; 0            ; 0       ; 0         ; 0    ; 0            ; |QamCodeModem|CarrierModulator:u3|lpm_mult:Mult1|multcore:mult_core|mul_lfrg:mul_lfrg_first_mod                                                           ; work         ;
;             |mul_lfrg:mul_lfrg_last_mod|           ; 18 (18)           ; 0 (0)        ; 0           ; 0            ; 0       ; 0         ; 0    ; 0            ; |QamCodeModem|CarrierModulator:u3|lpm_mult:Mult1|multcore:mult_core|mul_lfrg:mul_lfrg_last_mod                                                            ; work         ;
;       |nco:nco_inst|                               ; 155 (0)           ; 217 (0)      ; 68          ; 0            ; 0       ; 0         ; 0    ; 0            ; |QamCodeModem|CarrierModulator:u3|nco:nco_inst                                                                                                            ; work         ;
;          |nco_st:nco_st_inst|                      ; 155 (0)           ; 217 (0)      ; 68          ; 0            ; 0       ; 0         ; 0    ; 0            ; |QamCodeModem|CarrierModulator:u3|nco:nco_inst|nco_st:nco_st_inst                                                                                         ; work         ;
;             |asj_altqmcpipe:ux000|                 ; 2 (0)             ; 5 (1)        ; 0           ; 0            ; 0       ; 0         ; 0    ; 0            ; |QamCodeModem|CarrierModulator:u3|nco:nco_inst|nco_st:nco_st_inst|asj_altqmcpipe:ux000                                                                    ; work         ;
;                |lpm_add_sub:acc|                   ; 2 (0)             ; 4 (0)        ; 0           ; 0            ; 0       ; 0         ; 0    ; 0            ; |QamCodeModem|CarrierModulator:u3|nco:nco_inst|nco_st:nco_st_inst|asj_altqmcpipe:ux000|lpm_add_sub:acc                                                    ; work         ;
;                   |add_sub_05i:auto_generated|     ; 2 (2)             ; 4 (4)        ; 0           ; 0            ; 0       ; 0         ; 0    ; 0            ; |QamCodeModem|CarrierModulator:u3|nco:nco_inst|nco_st:nco_st_inst|asj_altqmcpipe:ux000|lpm_add_sub:acc|add_sub_05i:auto_generated                         ; work         ;
;             |asj_dxx:ux002|                        ; 2 (0)             ; 6 (3)        ; 0           ; 0            ; 0       ; 0         ; 0    ; 0            ; |QamCodeModem|CarrierModulator:u3|nco:nco_inst|nco_st:nco_st_inst|asj_dxx:ux002                                                                           ; work         ;
;                |lpm_add_sub:ux014|                 ; 2 (0)             ; 3 (0)        ; 0           ; 0            ; 0       ; 0         ; 0    ; 0            ; |QamCodeModem|CarrierModulator:u3|nco:nco_inst|nco_st:nco_st_inst|asj_dxx:ux002|lpm_add_sub:ux014                                                         ; work         ;
;                   |add_sub_qth:auto_generated|     ; 2 (2)             ; 3 (3)        ; 0           ; 0            ; 0       ; 0         ; 0    ; 0            ; |QamCodeModem|CarrierModulator:u3|nco:nco_inst|nco_st:nco_st_inst|asj_dxx:ux002|lpm_add_sub:ux014|add_sub_qth:auto_generated                              ; work         ;
;             |asj_dxx_g:ux001|                      ; 16 (16)           ; 17 (17)      ; 0           ; 0            ; 0       ; 0         ; 0    ; 0            ; |QamCodeModem|CarrierModulator:u3|nco:nco_inst|nco_st:nco_st_inst|asj_dxx_g:ux001                                                                         ; work         ;
;             |asj_nco_as_m_cen:ux0120|              ; 0 (0)             ; 0 (0)        ; 34          ; 0            ; 0       ; 0         ; 0    ; 0            ; |QamCodeModem|CarrierModulator:u3|nco:nco_inst|nco_st:nco_st_inst|asj_nco_as_m_cen:ux0120                                                                 ; work         ;
;                |altsyncram:altsyncram_component0|  ; 0 (0)             ; 0 (0)        ; 34          ; 0            ; 0       ; 0         ; 0    ; 0            ; |QamCodeModem|CarrierModulator:u3|nco:nco_inst|nco_st:nco_st_inst|asj_nco_as_m_cen:ux0120|altsyncram:altsyncram_component0                                ; work         ;
;                   |altsyncram_ot81:auto_generated| ; 0 (0)             ; 0 (0)        ; 34          ; 0            ; 0       ; 0         ; 0    ; 0            ; |QamCodeModem|CarrierModulator:u3|nco:nco_inst|nco_st:nco_st_inst|asj_nco_as_m_cen:ux0120|altsyncram:altsyncram_component0|altsyncram_ot81:auto_generated ; work         ;
;             |asj_nco_as_m_cen:ux0121|              ; 0 (0)             ; 0 (0)        ; 34          ; 0            ; 0       ; 0         ; 0    ; 0            ; |QamCodeModem|CarrierModulator:u3|nco:nco_inst|nco_st:nco_st_inst|asj_nco_as_m_cen:ux0121                                                                 ; work         ;
;                |altsyncram:altsyncram_component0|  ; 0 (0)             ; 0 (0)        ; 34          ; 0            ; 0       ; 0         ; 0    ; 0            ; |QamCodeModem|CarrierModulator:u3|nco:nco_inst|nco_st:nco_st_inst|asj_nco_as_m_cen:ux0121|altsyncram:altsyncram_component0                                ; work         ;
;                   |altsyncram_jt81:auto_generated| ; 0 (0)             ; 0 (0)        ; 34          ; 0            ; 0       ; 0         ; 0    ; 0            ; |QamCodeModem|CarrierModulator:u3|nco:nco_inst|nco_st:nco_st_inst|asj_nco_as_m_cen:ux0121|altsyncram:altsyncram_component0|altsyncram_jt81:auto_generated ; work         ;
;             |asj_nco_mob_rw:ux122|                 ; 0 (0)             ; 18 (18)      ; 0           ; 0            ; 0       ; 0         ; 0    ; 0            ; |QamCodeModem|CarrierModulator:u3|nco:nco_inst|nco_st:nco_st_inst|asj_nco_mob_rw:ux122                                                                    ; work         ;
;             |asj_nco_mob_rw:ux123|                 ; 0 (0)             ; 18 (18)      ; 0           ; 0            ; 0       ; 0         ; 0    ; 0            ; |QamCodeModem|CarrierModulator:u3|nco:nco_inst|nco_st:nco_st_inst|asj_nco_mob_rw:ux123                                                                    ; work         ;
;             |segment_arr_tdl:tdl|                  ; 0 (0)             ; 15 (15)      ; 0           ; 0            ; 0       ; 0         ; 0    ; 0            ; |QamCodeModem|CarrierModulator:u3|nco:nco_inst|nco_st:nco_st_inst|segment_arr_tdl:tdl                                                                     ; work         ;
;             |segment_sel:rot|                      ; 101 (101)         ; 36 (36)      ; 0           ; 0            ; 0       ; 0         ; 0    ; 0            ; |QamCodeModem|CarrierModulator:u3|nco:nco_inst|nco_st:nco_st_inst|segment_sel:rot                                                                         ; work         ;
;             |sid_2c_1p:sid2c|                      ; 34 (34)           ; 102 (102)    ; 0           ; 0            ; 0       ; 0         ; 0    ; 0            ; |QamCodeModem|CarrierModulator:u3|nco:nco_inst|nco_st:nco_st_inst|sid_2c_1p:sid2c                                                                         ; work         ;
;    |CodeMap:u1|                                    ; 4 (4)             ; 8 (8)        ; 0           ; 0            ; 0       ; 0         ; 0    ; 0            ; |QamCodeModem|CodeMap:u1                                                                                                                                  ; work         ;
;    |DeCodeMap:u2|                                  ; 8 (8)             ; 10 (10)      ; 0           ; 0            ; 0       ; 0         ; 0    ; 0            ; |QamCodeModem|DeCodeMap:u2                                                                                                                                ; work         ;
+----------------------------------------------------+-------------------+--------------+-------------+--------------+---------+-----------+------+--------------+-----------------------------------------------------------------------------------------------------------------------------------------------------------+--------------+
Note: For table entries with two numbers listed, the numbers in parentheses indicate the number of resources of the given type used by the specific entity alone. The numbers listed outside of parentheses indicate the total resources of the given type used by the specific entity and all of its sub-entities in the hierarchy.


+---------------------------------------------------------------------------------------------------------------------------------------------------------------------------------------------------------------------------------------------------------+
; Analysis & Synthesis RAM Summary                                                                                                                                                                                                                        ;
+--------------------------------------------------------------------------------------------------------------------------------------------------------+------+------+--------------+--------------+--------------+--------------+--------+-------------+
; Name                                                                                                                                                   ; Type ; Mode ; Port A Depth ; Port A Width ; Port B Depth ; Port B Width ; Size   ; MIF         ;
+--------------------------------------------------------------------------------------------------------------------------------------------------------+------+------+--------------+--------------+--------------+--------------+--------+-------------+
; CarrierModulator:u3|nco:nco_inst|nco_st:nco_st_inst|asj_nco_as_m_cen:ux0120|altsyncram:altsyncram_component0|altsyncram_ot81:auto_generated|ALTSYNCRAM ; AUTO ; ROM  ; 8192         ; 17           ; --           ; --           ; 139264 ; nco_sin.hex ;
; CarrierModulator:u3|nco:nco_inst|nco_st:nco_st_inst|asj_nco_as_m_cen:ux0121|altsyncram:altsyncram_component0|altsyncram_jt81:auto_generated|ALTSYNCRAM ; AUTO ; ROM  ; 8192         ; 17           ; --           ; --           ; 139264 ; nco_cos.hex ;
+--------------------------------------------------------------------------------------------------------------------------------------------------------+------+------+--------------+--------------+--------------+--------------+--------+-------------+


+---------------------------------------------------------------------------------------------------------------------------------------------------------------------------------------------------------------------------------------+
; Analysis & Synthesis IP Cores Summary                                                                                                                                                                                                 ;
+--------+--------------+---------+--------------+--------------+-------------------------------------------------------------------------------------------+---------------------------------------------------------------------------+
; Vendor ; IP Core Name ; Version ; Release Date ; License Type ; Entity Instance                                                                           ; IP Include File                                                           ;
+--------+--------------+---------+--------------+--------------+-------------------------------------------------------------------------------------------+---------------------------------------------------------------------------+
; Altera ; NCO          ; 13.1    ; N/A          ; N/A          ; |QamCodeModem|CarrierModulator:u3|nco:nco_inst                                            ; D:/Quartus13.1/altera/program/QamCodeModem/nco.v                          ;
; Altera ; NCO          ; N/A     ; Oct 2013     ; Licensed     ; |QamCodeModem|CarrierModulator:u3|nco:nco_inst|nco_st:nco_st_inst|segment_sel:rot         ; D:/Quartus13.1/altera/program/QamCodeModem/nco-library/segment_sel.v      ;
; Altera ; NCO          ; N/A     ; Oct 2013     ; Licensed     ; |QamCodeModem|CarrierModulator:u3|nco:nco_inst|nco_st:nco_st_inst|sid_2c_1p:sid2c         ; D:/Quartus13.1/altera/program/QamCodeModem/nco-library/sid_2c_1p.v        ;
; Altera ; NCO          ; N/A     ; Oct 2013     ; Licensed     ; |QamCodeModem|CarrierModulator:u3|nco:nco_inst|nco_st:nco_st_inst|segment_arr_tdl:tdl     ; D:/Quartus13.1/altera/program/QamCodeModem/nco-library/segment_arr_tdl.v  ;
; Altera ; NCO          ; N/A     ; Oct 2013     ; Licensed     ; |QamCodeModem|CarrierModulator:u3|nco:nco_inst|nco_st:nco_st_inst|asj_xnqg:u011           ; D:/Quartus13.1/altera/program/QamCodeModem/nco-library/asj_xnqg.v         ;
; Altera ; NCO          ; N/A     ; Oct 2013     ; Licensed     ; |QamCodeModem|CarrierModulator:u3|nco:nco_inst|nco_st:nco_st_inst|asj_altqmcpipe:ux000    ; D:/Quartus13.1/altera/program/QamCodeModem/nco-library/asj_altqmcpipe.v   ;
; Altera ; NCO          ; N/A     ; Oct 2013     ; Licensed     ; |QamCodeModem|CarrierModulator:u3|nco:nco_inst|nco_st:nco_st_inst|asj_dxx_g:ux001         ; D:/Quartus13.1/altera/program/QamCodeModem/nco-library/asj_dxx_g.v        ;
; Altera ; NCO          ; N/A     ; Oct 2013     ; Licensed     ; |QamCodeModem|CarrierModulator:u3|nco:nco_inst|nco_st:nco_st_inst|asj_dxx:ux002           ; D:/Quartus13.1/altera/program/QamCodeModem/nco-library/asj_dxx.v          ;
; Altera ; NCO          ; N/A     ; Oct 2013     ; Licensed     ; |QamCodeModem|CarrierModulator:u3|nco:nco_inst|nco_st:nco_st_inst|asj_gar:ux007           ; D:/Quartus13.1/altera/program/QamCodeModem/nco-library/asj_gar.v          ;
; Altera ; NCO          ; N/A     ; Oct 2013     ; Licensed     ; |QamCodeModem|CarrierModulator:u3|nco:nco_inst|nco_st:nco_st_inst|asj_nco_as_m_cen:ux0120 ; D:/Quartus13.1/altera/program/QamCodeModem/nco-library/asj_nco_as_m_cen.v ;
; Altera ; NCO          ; N/A     ; Oct 2013     ; Licensed     ; |QamCodeModem|CarrierModulator:u3|nco:nco_inst|nco_st:nco_st_inst|asj_nco_as_m_cen:ux0120 ; D:/Quartus13.1/altera/program/QamCodeModem/nco-library/asj_nco_as_m_cen.v ;
; Altera ; NCO          ; N/A     ; Oct 2013     ; Licensed     ; |QamCodeModem|CarrierModulator:u3|nco:nco_inst|nco_st:nco_st_inst|asj_nco_mob_rw:ux122    ; D:/Quartus13.1/altera/program/QamCodeModem/nco-library/asj_nco_mob_rw.v   ;
; Altera ; NCO          ; N/A     ; Oct 2013     ; Licensed     ; |QamCodeModem|CarrierModulator:u3|nco:nco_inst|nco_st:nco_st_inst|asj_nco_mob_rw:ux122    ; D:/Quartus13.1/altera/program/QamCodeModem/nco-library/asj_nco_mob_rw.v   ;
; Altera ; NCO          ; N/A     ; Oct 2013     ; Licensed     ; |QamCodeModem|CarrierModulator:u3|nco:nco_inst|nco_st:nco_st_inst|asj_nco_apr_dxx:ux0219  ; D:/Quartus13.1/altera/program/QamCodeModem/nco-library/asj_nco_apr_dxx.v  ;
; Altera ; NCO          ; N/A     ; Oct 2013     ; Licensed     ; |QamCodeModem|CarrierModulator:u3|nco:nco_inst|nco_st:nco_st_inst|asj_nco_isdr:ux710isdr  ; D:/Quartus13.1/altera/program/QamCodeModem/nco-library/asj_nco_isdr.v     ;
+--------+--------------+---------+--------------+--------------+-------------------------------------------------------------------------------------------+---------------------------------------------------------------------------+


+---------------------------------------------------------------------------------------------------------------------------------------------------------------------------------------------------------------------------------------------------------------------------------------------------------------+
; Registers Removed During Synthesis                                                                                                                                                                                                                                                                            ;
+------------------------------------------------------------------------------------------------------------------------------------------------------------+--------------------------------------------------------------------------------------------------------------------------------------------------+
; Register name                                                                                                                                              ; Reason for Removal                                                                                                                               ;
+------------------------------------------------------------------------------------------------------------------------------------------------------------+--------------------------------------------------------------------------------------------------------------------------------------------------+
; CarrierModulator:u3|nco:nco_inst|nco_st:nco_st_inst|asj_altqmcpipe:ux000|phi_int_arr_reg[0..29,31]                                                         ; Stuck at GND due to stuck port data_in                                                                                                           ;
; CarrierModulator:u3|nco:nco_inst|nco_st:nco_st_inst|asj_nco_isdr:ux710isdr|lpm_counter:lpm_counter_component|cntr_ori:auto_generated|counter_reg_bit[0..3] ; Lost fanout                                                                                                                                      ;
; CarrierModulator:u3|mult_i_cos_reg[25]                                                                                                                     ; Lost fanout                                                                                                                                      ;
; CarrierModulator:u3|mult_q_sin_reg[25]                                                                                                                     ; Lost fanout                                                                                                                                      ;
; CarrierModulator:u3|i_reg[2..6]                                                                                                                            ; Merged with CarrierModulator:u3|i_reg[7]                                                                                                         ;
; CarrierModulator:u3|q_reg[2..6]                                                                                                                            ; Merged with CarrierModulator:u3|q_reg[7]                                                                                                         ;
; CodeMap:u1|it[0]                                                                                                                                           ; Merged with CarrierModulator:u3|nco:nco_inst|nco_st:nco_st_inst|asj_altqmcpipe:ux000|phi_int_arr_reg[30]                                         ;
; CodeMap:u1|qt[0]                                                                                                                                           ; Merged with CarrierModulator:u3|nco:nco_inst|nco_st:nco_st_inst|asj_altqmcpipe:ux000|phi_int_arr_reg[30]                                         ;
; CodeMap:u1|code[2]                                                                                                                                         ; Merged with CodeMap:u1|Dd                                                                                                                        ;
; CodeMap:u1|code[3]                                                                                                                                         ; Merged with CodeMap:u1|Dc                                                                                                                        ;
; CarrierModulator:u3|q_reg[0]                                                                                                                               ; Merged with CarrierModulator:u3|i_reg[0]                                                                                                         ;
; CarrierModulator:u3|nco:nco_inst|nco_st:nco_st_inst|asj_altqmcpipe:ux000|lpm_add_sub:acc|add_sub_05i:auto_generated|pipeline_dffe[1..29,32..61]            ; Merged with CarrierModulator:u3|nco:nco_inst|nco_st:nco_st_inst|asj_altqmcpipe:ux000|lpm_add_sub:acc|add_sub_05i:auto_generated|pipeline_dffe[0] ;
; CarrierModulator:u3|nco:nco_inst|nco_st:nco_st_inst|asj_altqmcpipe:ux000|lpm_add_sub:acc|add_sub_05i:auto_generated|pipeline_dffe[0]                       ; Stuck at GND due to stuck port data_in                                                                                                           ;
; CarrierModulator:u3|mult_i_cos_reg[20..23]                                                                                                                 ; Merged with CarrierModulator:u3|mult_i_cos_reg[24]                                                                                               ;
; CarrierModulator:u3|mult_q_sin_reg[20..23]                                                                                                                 ; Merged with CarrierModulator:u3|mult_q_sin_reg[24]                                                                                               ;
; CarrierModulator:u3|nco:nco_inst|nco_st:nco_st_inst|sid_2c_1p:sid2c|cos_rom_2c[0]                                                                          ; Merged with CarrierModulator:u3|nco:nco_inst|nco_st:nco_st_inst|sid_2c_1p:sid2c|cos_rom_d[0]                                                     ;
; CarrierModulator:u3|nco:nco_inst|nco_st:nco_st_inst|sid_2c_1p:sid2c|sin_rom_d[0]                                                                           ; Merged with CarrierModulator:u3|nco:nco_inst|nco_st:nco_st_inst|sid_2c_1p:sid2c|sin_rom_2c[0]                                                    ;
; CarrierModulator:u3|nco:nco_inst|nco_st:nco_st_inst|asj_dxx:ux002|lpm_add_sub:ux014|add_sub_qth:auto_generated|pipeline_dffe[5..17]                        ; Merged with CarrierModulator:u3|nco:nco_inst|nco_st:nco_st_inst|asj_dxx:ux002|lpm_add_sub:ux014|add_sub_qth:auto_generated|pipeline_dffe[18]     ;
; CarrierModulator:u3|nco:nco_inst|nco_st:nco_st_inst|asj_dxx:ux002|dxxpdo[5..17]                                                                            ; Merged with CarrierModulator:u3|nco:nco_inst|nco_st:nco_st_inst|asj_dxx:ux002|dxxpdo[18]                                                         ;
; CarrierModulator:u3|nco:nco_inst|nco_st:nco_st_inst|asj_gar:ux007|rom_add[0..12]                                                                           ; Stuck at GND due to stuck port data_in                                                                                                           ;
; Total Number of Removed Registers = 161                                                                                                                    ;                                                                                                                                                  ;
+------------------------------------------------------------------------------------------------------------------------------------------------------------+--------------------------------------------------------------------------------------------------------------------------------------------------+


+------------------------------------------------------+
; General Register Statistics                          ;
+----------------------------------------------+-------+
; Statistic                                    ; Value ;
+----------------------------------------------+-------+
; Total registers                              ; 298   ;
; Number of registers using Synchronous Clear  ; 1     ;
; Number of registers using Synchronous Load   ; 32    ;
; Number of registers using Asynchronous Clear ; 298   ;
; Number of registers using Asynchronous Load  ; 0     ;
; Number of registers using Clock Enable       ; 0     ;
; Number of registers using Preset             ; 0     ;
+----------------------------------------------+-------+


+--------------------------------------------------------------------------------------------+
; Inverted Register Statistics                                                               ;
+----------------------------------------------------------------------------------+---------+
; Inverted Register                                                                ; Fan out ;
+----------------------------------------------------------------------------------+---------+
; CarrierModulator:u3|nco:nco_inst|nco_st:nco_st_inst|asj_dxx_g:ux001|lsfr_reg[15] ; 3       ;
; CarrierModulator:u3|nco:nco_inst|nco_st:nco_st_inst|asj_dxx_g:ux001|lsfr_reg[12] ; 3       ;
; CarrierModulator:u3|nco:nco_inst|nco_st:nco_st_inst|asj_dxx_g:ux001|lsfr_reg[11] ; 2       ;
; CarrierModulator:u3|nco:nco_inst|nco_st:nco_st_inst|asj_dxx_g:ux001|lsfr_reg[9]  ; 1       ;
; CarrierModulator:u3|nco:nco_inst|nco_st:nco_st_inst|asj_dxx_g:ux001|lsfr_reg[7]  ; 1       ;
; CarrierModulator:u3|nco:nco_inst|nco_st:nco_st_inst|asj_dxx_g:ux001|lsfr_reg[6]  ; 1       ;
; CarrierModulator:u3|nco:nco_inst|nco_st:nco_st_inst|asj_dxx_g:ux001|lsfr_reg[4]  ; 1       ;
; CarrierModulator:u3|nco:nco_inst|nco_st:nco_st_inst|asj_dxx_g:ux001|lsfr_reg[3]  ; 2       ;
; CarrierModulator:u3|nco:nco_inst|nco_st:nco_st_inst|asj_dxx_g:ux001|lsfr_reg[2]  ; 1       ;
; CarrierModulator:u3|nco:nco_inst|nco_st:nco_st_inst|asj_dxx_g:ux001|lsfr_reg[0]  ; 1       ;
; Total number of inverted registers = 10                                          ;         ;
+----------------------------------------------------------------------------------+---------+


+-----------------------------------------------------------------------------------------------------------------------------------------------------------------------------------------------------------+
; Multiplexer Restructuring Statistics (Restructuring Performed)                                                                                                                                            ;
+--------------------+-----------+---------------+----------------------+------------------------+------------+---------------------------------------------------------------------------------------------+
; Multiplexer Inputs ; Bus Width ; Baseline Area ; Area if Restructured ; Saving if Restructured ; Registered ; Example Multiplexer Output                                                                  ;
+--------------------+-----------+---------------+----------------------+------------------------+------------+---------------------------------------------------------------------------------------------+
; 3:1                ; 16 bits   ; 32 LEs        ; 32 LEs               ; 0 LEs                  ; Yes        ; |QamCodeModem|CarrierModulator:u3|nco:nco_inst|nco_st:nco_st_inst|segment_sel:rot|sin_o[9]  ;
; 3:1                ; 16 bits   ; 32 LEs        ; 32 LEs               ; 0 LEs                  ; Yes        ; |QamCodeModem|CarrierModulator:u3|nco:nco_inst|nco_st:nco_st_inst|segment_sel:rot|cos_o[10] ;
; 4:1                ; 16 bits   ; 32 LEs        ; 32 LEs               ; 0 LEs                  ; No         ; |QamCodeModem|CarrierModulator:u3|nco:nco_inst|nco_st:nco_st_inst|segment_sel:rot|Mux34     ;
+--------------------+-----------+---------------+----------------------+------------------------+------------+---------------------------------------------------------------------------------------------+


+---------------------------------------------------------------------+
; Parameter Settings for User Entity Instance: CarrierModulator:u3    ;
+----------------+----------------------------------+-----------------+
; Parameter Name ; Value                            ; Type            ;
+----------------+----------------------------------+-----------------+
; PHI_INC        ; 01000000000000000000000000000000 ; Unsigned Binary ;
+----------------+----------------------------------+-----------------+
Note: In order to hide this table in the UI and the text report file, please set the "Show Parameter Settings in Synthesis Report" option in "Analysis and Synthesis Settings -> More Settings" to "Off".


+--------------------------------------------------------------------------------------------------+
; Parameter Settings for User Entity Instance: CarrierModulator:u3|nco:nco_inst|nco_st:nco_st_inst ;
+----------------+-------------+-------------------------------------------------------------------+
; Parameter Name ; Value       ; Type                                                              ;
+----------------+-------------+-------------------------------------------------------------------+
; mpr            ; 18          ; Signed Integer                                                    ;
; apr            ; 32          ; Signed Integer                                                    ;
; apri           ; 16          ; Signed Integer                                                    ;
; aprf           ; 32          ; Signed Integer                                                    ;
; aprp           ; 16          ; Signed Integer                                                    ;
; aprid          ; 21          ; Signed Integer                                                    ;
; dpri           ; 5           ; Signed Integer                                                    ;
; rdw            ; 17          ; Signed Integer                                                    ;
; raw            ; 13          ; Signed Integer                                                    ;
; rnw            ; 8192        ; Signed Integer                                                    ;
; mxnb           ; 139264      ; Signed Integer                                                    ;
; rsf            ; nco_sin.hex ; String                                                            ;
; rcf            ; nco_cos.hex ; String                                                            ;
; nc             ; 2           ; Signed Integer                                                    ;
; pl             ; 2           ; Signed Integer                                                    ;
; log2nc         ; 1           ; Signed Integer                                                    ;
; outselinit     ; 0           ; Signed Integer                                                    ;
; paci0          ; 0           ; Signed Integer                                                    ;
; paci1          ; 0           ; Signed Integer                                                    ;
; paci2          ; 0           ; Signed Integer                                                    ;
; paci3          ; 0           ; Signed Integer                                                    ;
; paci4          ; 0           ; Signed Integer                                                    ;
; paci5          ; 0           ; Signed Integer                                                    ;
; paci6          ; 0           ; Signed Integer                                                    ;
; paci7          ; 0           ; Signed Integer                                                    ;
+----------------+-------------+-------------------------------------------------------------------+
Note: In order to hide this table in the UI and the text report file, please set the "Show Parameter Settings in Synthesis Report" option in "Analysis and Synthesis Settings -> More Settings" to "Off".


+-------------------------------------------------------------------------------------+
; Parameter Settings for Inferred Entity Instance: CarrierModulator:u3|lpm_mult:Mult1 ;
+------------------------------------------------+--------------+---------------------+
; Parameter Name                                 ; Value        ; Type                ;
+------------------------------------------------+--------------+---------------------+
; AUTO_CARRY_CHAINS                              ; ON           ; AUTO_CARRY          ;
; IGNORE_CARRY_BUFFERS                           ; OFF          ; IGNORE_CARRY        ;
; AUTO_CASCADE_CHAINS                            ; ON           ; AUTO_CASCADE        ;
; IGNORE_CASCADE_BUFFERS                         ; OFF          ; IGNORE_CASCADE      ;
; LPM_WIDTHA                                     ; 3            ; Untyped             ;
; LPM_WIDTHB                                     ; 18           ; Untyped             ;
; LPM_WIDTHP                                     ; 21           ; Untyped             ;
; LPM_WIDTHR                                     ; 21           ; Untyped             ;
; LPM_WIDTHS                                     ; 1            ; Untyped             ;
; LPM_REPRESENTATION                             ; SIGNED       ; Untyped             ;
; LPM_PIPELINE                                   ; 0            ; Untyped             ;
; LATENCY                                        ; 0            ; Untyped             ;
; INPUT_A_IS_CONSTANT                            ; NO           ; Untyped             ;
; INPUT_B_IS_CONSTANT                            ; NO           ; Untyped             ;
; USE_EAB                                        ; OFF          ; Untyped             ;
; MAXIMIZE_SPEED                                 ; 6            ; Untyped             ;
; DEVICE_FAMILY                                  ; Cyclone IV E ; Untyped             ;
; CARRY_CHAIN                                    ; MANUAL       ; Untyped             ;
; APEX20K_TECHNOLOGY_MAPPER                      ; LUT          ; TECH_MAPPER_APEX20K ;
; DEDICATED_MULTIPLIER_CIRCUITRY                 ; AUTO         ; Untyped             ;
; DEDICATED_MULTIPLIER_MIN_INPUT_WIDTH_FOR_AUTO  ; 0            ; Untyped             ;
; DEDICATED_MULTIPLIER_MIN_OUTPUT_WIDTH_FOR_AUTO ; 0            ; Untyped             ;
; CBXI_PARAMETER                                 ; NOTHING      ; Untyped             ;
; INPUT_A_FIXED_VALUE                            ; Bx           ; Untyped             ;
; INPUT_B_FIXED_VALUE                            ; Bx           ; Untyped             ;
; USE_AHDL_IMPLEMENTATION                        ; OFF          ; Untyped             ;
+------------------------------------------------+--------------+---------------------+
Note: In order to hide this table in the UI and the text report file, please set the "Show Parameter Settings in Synthesis Report" option in "Analysis and Synthesis Settings -> More Settings" to "Off".


+-------------------------------------------------------------------------------------+
; Parameter Settings for Inferred Entity Instance: CarrierModulator:u3|lpm_mult:Mult0 ;
+------------------------------------------------+--------------+---------------------+
; Parameter Name                                 ; Value        ; Type                ;
+------------------------------------------------+--------------+---------------------+
; AUTO_CARRY_CHAINS                              ; ON           ; AUTO_CARRY          ;
; IGNORE_CARRY_BUFFERS                           ; OFF          ; IGNORE_CARRY        ;
; AUTO_CASCADE_CHAINS                            ; ON           ; AUTO_CASCADE        ;
; IGNORE_CASCADE_BUFFERS                         ; OFF          ; IGNORE_CASCADE      ;
; LPM_WIDTHA                                     ; 3            ; Untyped             ;
; LPM_WIDTHB                                     ; 18           ; Untyped             ;
; LPM_WIDTHP                                     ; 21           ; Untyped             ;
; LPM_WIDTHR                                     ; 21           ; Untyped             ;
; LPM_WIDTHS                                     ; 1            ; Untyped             ;
; LPM_REPRESENTATION                             ; SIGNED       ; Untyped             ;
; LPM_PIPELINE                                   ; 0            ; Untyped             ;
; LATENCY                                        ; 0            ; Untyped             ;
; INPUT_A_IS_CONSTANT                            ; NO           ; Untyped             ;
; INPUT_B_IS_CONSTANT                            ; NO           ; Untyped             ;
; USE_EAB                                        ; OFF          ; Untyped             ;
; MAXIMIZE_SPEED                                 ; 6            ; Untyped             ;
; DEVICE_FAMILY                                  ; Cyclone IV E ; Untyped             ;
; CARRY_CHAIN                                    ; MANUAL       ; Untyped             ;
; APEX20K_TECHNOLOGY_MAPPER                      ; LUT          ; TECH_MAPPER_APEX20K ;
; DEDICATED_MULTIPLIER_CIRCUITRY                 ; AUTO         ; Untyped             ;
; DEDICATED_MULTIPLIER_MIN_INPUT_WIDTH_FOR_AUTO  ; 0            ; Untyped             ;
; DEDICATED_MULTIPLIER_MIN_OUTPUT_WIDTH_FOR_AUTO ; 0            ; Untyped             ;
; CBXI_PARAMETER                                 ; NOTHING      ; Untyped             ;
; INPUT_A_FIXED_VALUE                            ; Bx           ; Untyped             ;
; INPUT_B_FIXED_VALUE                            ; Bx           ; Untyped             ;
; USE_AHDL_IMPLEMENTATION                        ; OFF          ; Untyped             ;
+------------------------------------------------+--------------+---------------------+
Note: In order to hide this table in the UI and the text report file, please set the "Show Parameter Settings in Synthesis Report" option in "Analysis and Synthesis Settings -> More Settings" to "Off".


+----------------------------------------------------------------------------+
; lpm_mult Parameter Settings by Entity Instance                             ;
+---------------------------------------+------------------------------------+
; Name                                  ; Value                              ;
+---------------------------------------+------------------------------------+
; Number of entity instances            ; 2                                  ;
; Entity Instance                       ; CarrierModulator:u3|lpm_mult:Mult1 ;
;     -- LPM_WIDTHA                     ; 3                                  ;
;     -- LPM_WIDTHB                     ; 18                                 ;
;     -- LPM_WIDTHP                     ; 21                                 ;
;     -- LPM_REPRESENTATION             ; SIGNED                             ;
;     -- INPUT_A_IS_CONSTANT            ; NO                                 ;
;     -- INPUT_B_IS_CONSTANT            ; NO                                 ;
;     -- USE_EAB                        ; OFF                                ;
;     -- DEDICATED_MULTIPLIER_CIRCUITRY ; AUTO                               ;
;     -- INPUT_A_FIXED_VALUE            ; Bx                                 ;
;     -- INPUT_B_FIXED_VALUE            ; Bx                                 ;
; Entity Instance                       ; CarrierModulator:u3|lpm_mult:Mult0 ;
;     -- LPM_WIDTHA                     ; 3                                  ;
;     -- LPM_WIDTHB                     ; 18                                 ;
;     -- LPM_WIDTHP                     ; 21                                 ;
;     -- LPM_REPRESENTATION             ; SIGNED                             ;
;     -- INPUT_A_IS_CONSTANT            ; NO                                 ;
;     -- INPUT_B_IS_CONSTANT            ; NO                                 ;
;     -- USE_EAB                        ; OFF                                ;
;     -- DEDICATED_MULTIPLIER_CIRCUITRY ; AUTO                               ;
;     -- INPUT_A_FIXED_VALUE            ; Bx                                 ;
;     -- INPUT_B_FIXED_VALUE            ; Bx                                 ;
+---------------------------------------+------------------------------------+


+---------------------------------------------------------------+
; Port Connectivity Checks: "CarrierModulator:u3|nco:nco_inst"  ;
+------------------+--------+----------+------------------------+
; Port             ; Type   ; Severity ; Details                ;
+------------------+--------+----------+------------------------+
; phi_inc_i[29..0] ; Input  ; Info     ; Stuck at GND           ;
; phi_inc_i[31]    ; Input  ; Info     ; Stuck at GND           ;
; phi_inc_i[30]    ; Input  ; Info     ; Stuck at VCC           ;
; clken            ; Input  ; Info     ; Stuck at VCC           ;
; out_valid        ; Output ; Info     ; Explicitly unconnected ;
+------------------+--------+----------+------------------------+


+-------------------------------+
; Elapsed Time Per Partition    ;
+----------------+--------------+
; Partition Name ; Elapsed Time ;
+----------------+--------------+
; Top            ; 00:00:00     ;
+----------------+--------------+


+-------------------------------+
; Analysis & Synthesis Messages ;
+-------------------------------+
Info: *******************************************************************
Info: Running Quartus II 64-Bit Analysis & Synthesis
    Info: Version 13.1.0 Build 162 10/23/2013 SJ Full Version
    Info: Processing started: Fri Mar 06 16:40:12 2026
Info: Command: quartus_map --read_settings_files=on --write_settings_files=off QamCodeModem -c QamCodeModem
Info (20030): Parallel compilation is enabled and will use 16 of the 16 processors detected
Info (12021): Found 1 design units, including 1 entities, in source file qamcodemodem.v
    Info (12023): Found entity 1: QamCodeModem
Info (12021): Found 1 design units, including 1 entities, in source file codemap.v
    Info (12023): Found entity 1: CodeMap
Info (12021): Found 1 design units, including 1 entities, in source file decodemap.v
    Info (12023): Found entity 1: DeCodeMap
Info (12021): Found 1 design units, including 0 entities, in source file fir_compiler-library/auk_dspip_lib_pkg_fir_131.vhd
    Info (12022): Found design unit 1: auk_dspip_lib_pkg_fir_131
Info (12021): Found 2 design units, including 0 entities, in source file fir_compiler-library/auk_dspip_math_pkg_fir_131.vhd
    Info (12022): Found design unit 1: auk_dspip_math_pkg_fir_131
    Info (12022): Found design unit 2: auk_dspip_math_pkg_fir_131-body
Info (12021): Found 1 design units, including 1 entities, in source file filter_st.v
    Info (12023): Found entity 1: filter_st
Info (12021): Found 2 design units, including 1 entities, in source file filter_ast.vhd
    Info (12022): Found design unit 1: filter_ast-struct
    Info (12023): Found entity 1: filter_ast
Info (12021): Found 1 design units, including 1 entities, in source file filter.v
    Info (12023): Found entity 1: filter
Info (12021): Found 1 design units, including 1 entities, in source file carriermodulator.v
    Info (12023): Found entity 1: CarrierModulator
Info (12021): Found 1 design units, including 1 entities, in source file filterwrapper.v
    Info (12023): Found entity 1: FilterWrapper
Info (12021): Found 1 design units, including 1 entities, in source file nco_st.v
    Info (12023): Found entity 1: nco_st
Info (12021): Found 1 design units, including 1 entities, in source file nco.v
    Info (12023): Found entity 1: nco
Warning (10236): Verilog HDL Implicit Net warning at filter_st.v(171): created implicit net for "coef_in"
Warning (10236): Verilog HDL Implicit Net warning at filter_st.v(178): created implicit net for "coef_we"
Warning (10236): Verilog HDL Implicit Net warning at filter_st.v(178): created implicit net for "coef_set_in"
Warning (10236): Verilog HDL Implicit Net warning at filter_st.v(747): created implicit net for "coef_ld"
Info (12127): Elaborating entity "QamCodeModem" for the top level hierarchy
Info (12128): Elaborating entity "CodeMap" for hierarchy "CodeMap:u1"
Info (12128): Elaborating entity "DeCodeMap" for hierarchy "DeCodeMap:u2"
Info (12128): Elaborating entity "FilterWrapper" for hierarchy "FilterWrapper:u_filter"
Info (12128): Elaborating entity "CarrierModulator" for hierarchy "CarrierModulator:u3"
Info (12128): Elaborating entity "nco" for hierarchy "CarrierModulator:u3|nco:nco_inst"
Info (12128): Elaborating entity "nco_st" for hierarchy "CarrierModulator:u3|nco:nco_inst|nco_st:nco_st_inst"
Info (12021): Found 1 design units, including 1 entities, in source file nco-library/asj_xnqg.v
    Info (12023): Found entity 1: asj_xnqg
Info (12128): Elaborating entity "asj_xnqg" for hierarchy "CarrierModulator:u3|nco:nco_inst|nco_st:nco_st_inst|asj_xnqg:u011"
Info (12021): Found 1 design units, including 1 entities, in source file nco-library/segment_arr_tdl.v
    Info (12023): Found entity 1: segment_arr_tdl
Info (12128): Elaborating entity "segment_arr_tdl" for hierarchy "CarrierModulator:u3|nco:nco_inst|nco_st:nco_st_inst|segment_arr_tdl:tdl"
Info (12021): Found 1 design units, including 1 entities, in source file nco-library/asj_altqmcpipe.v
    Info (12023): Found entity 1: asj_altqmcpipe
Info (12128): Elaborating entity "asj_altqmcpipe" for hierarchy "CarrierModulator:u3|nco:nco_inst|nco_st:nco_st_inst|asj_altqmcpipe:ux000"
Info (12128): Elaborating entity "lpm_add_sub" for hierarchy "CarrierModulator:u3|nco:nco_inst|nco_st:nco_st_inst|asj_altqmcpipe:ux000|lpm_add_sub:acc"
Info (12130): Elaborated megafunction instantiation "CarrierModulator:u3|nco:nco_inst|nco_st:nco_st_inst|asj_altqmcpipe:ux000|lpm_add_sub:acc"
Info (12133): Instantiated megafunction "CarrierModulator:u3|nco:nco_inst|nco_st:nco_st_inst|asj_altqmcpipe:ux000|lpm_add_sub:acc" with the following parameter:
    Info (12134): Parameter "lpm_direction" = "ADD"
    Info (12134): Parameter "lpm_width" = "32"
    Info (12134): Parameter "lpm_pipeline" = "2"
    Info (12134): Parameter "lpm_representation" = "UNSIGNED"
Info (12021): Found 1 design units, including 1 entities, in source file db/add_sub_05i.tdf
    Info (12023): Found entity 1: add_sub_05i
Info (12128): Elaborating entity "add_sub_05i" for hierarchy "CarrierModulator:u3|nco:nco_inst|nco_st:nco_st_inst|asj_altqmcpipe:ux000|lpm_add_sub:acc|add_sub_05i:auto_generated"
Info (12021): Found 1 design units, including 1 entities, in source file nco-library/asj_dxx_g.v
    Info (12023): Found entity 1: asj_dxx_g
Info (12128): Elaborating entity "asj_dxx_g" for hierarchy "CarrierModulator:u3|nco:nco_inst|nco_st:nco_st_inst|asj_dxx_g:ux001"
Info (12021): Found 1 design units, including 1 entities, in source file nco-library/asj_dxx.v
    Info (12023): Found entity 1: asj_dxx
Info (12128): Elaborating entity "asj_dxx" for hierarchy "CarrierModulator:u3|nco:nco_inst|nco_st:nco_st_inst|asj_dxx:ux002"
Info (12128): Elaborating entity "lpm_add_sub" for hierarchy "CarrierModulator:u3|nco:nco_inst|nco_st:nco_st_inst|asj_dxx:ux002|lpm_add_sub:ux014"
Info (12130): Elaborated megafunction instantiation "CarrierModulator:u3|nco:nco_inst|nco_st:nco_st_inst|asj_dxx:ux002|lpm_add_sub:ux014"
Info (12133): Instantiated megafunction "CarrierModulator:u3|nco:nco_inst|nco_st:nco_st_inst|asj_dxx:ux002|lpm_add_sub:ux014" with the following parameter:
    Info (12134): Parameter "lpm_direction" = "ADD"
    Info (12134): Parameter "lpm_width" = "21"
    Info (12134): Parameter "lpm_pipeline" = "1"
    Info (12134): Parameter "lpm_representation" = "SIGNED"
Info (12021): Found 1 design units, including 1 entities, in source file db/add_sub_qth.tdf
    Info (12023): Found entity 1: add_sub_qth
Info (12128): Elaborating entity "add_sub_qth" for hierarchy "CarrierModulator:u3|nco:nco_inst|nco_st:nco_st_inst|asj_dxx:ux002|lpm_add_sub:ux014|add_sub_qth:auto_generated"
Info (12021): Found 1 design units, including 1 entities, in source file nco-library/asj_nco_apr_dxx.v
    Info (12023): Found entity 1: asj_nco_apr_dxx
Info (12128): Elaborating entity "asj_nco_apr_dxx" for hierarchy "CarrierModulator:u3|nco:nco_inst|nco_st:nco_st_inst|asj_nco_apr_dxx:ux0219"
Info (12021): Found 1 design units, including 1 entities, in source file nco-library/asj_gar.v
    Info (12023): Found entity 1: asj_gar
Info (12128): Elaborating entity "asj_gar" for hierarchy "CarrierModulator:u3|nco:nco_inst|nco_st:nco_st_inst|asj_gar:ux007"
Info (12021): Found 1 design units, including 1 entities, in source file nco-library/sid_2c_1p.v
    Info (12023): Found entity 1: sid_2c_1p
Info (12128): Elaborating entity "sid_2c_1p" for hierarchy "CarrierModulator:u3|nco:nco_inst|nco_st:nco_st_inst|sid_2c_1p:sid2c"
Info (12021): Found 1 design units, including 1 entities, in source file nco-library/asj_nco_as_m_cen.v
    Info (12023): Found entity 1: asj_nco_as_m_cen
Info (12128): Elaborating entity "asj_nco_as_m_cen" for hierarchy "CarrierModulator:u3|nco:nco_inst|nco_st:nco_st_inst|asj_nco_as_m_cen:ux0120"
Info (12128): Elaborating entity "altsyncram" for hierarchy "CarrierModulator:u3|nco:nco_inst|nco_st:nco_st_inst|asj_nco_as_m_cen:ux0120|altsyncram:altsyncram_component0"
Info (12130): Elaborated megafunction instantiation "CarrierModulator:u3|nco:nco_inst|nco_st:nco_st_inst|asj_nco_as_m_cen:ux0120|altsyncram:altsyncram_component0"
Info (12133): Instantiated megafunction "CarrierModulator:u3|nco:nco_inst|nco_st:nco_st_inst|asj_nco_as_m_cen:ux0120|altsyncram:altsyncram_component0" with the following parameter:
    Info (12134): Parameter "operation_mode" = "ROM"
    Info (12134): Parameter "width_a" = "17"
    Info (12134): Parameter "widthad_a" = "13"
    Info (12134): Parameter "numwords_a" = "8192"
    Info (12134): Parameter "width_byteena_a" = "1"
    Info (12134): Parameter "outdata_reg_a" = "CLOCK0"
    Info (12134): Parameter "outdata_aclr_a" = "NONE"
    Info (12134): Parameter "address_aclr_a" = "NONE"
    Info (12134): Parameter "read_during_write_mode_mixed_ports" = "DONT_CARE"
    Info (12134): Parameter "ram_block_type" = "AUTO"
    Info (12134): Parameter "init_file" = "nco_sin.hex"
    Info (12134): Parameter "intended_device_family" = "CycloneII"
Info (12021): Found 1 design units, including 1 entities, in source file db/altsyncram_ot81.tdf
    Info (12023): Found entity 1: altsyncram_ot81
Info (12128): Elaborating entity "altsyncram_ot81" for hierarchy "CarrierModulator:u3|nco:nco_inst|nco_st:nco_st_inst|asj_nco_as_m_cen:ux0120|altsyncram:altsyncram_component0|altsyncram_ot81:auto_generated"
Info (12128): Elaborating entity "asj_nco_as_m_cen" for hierarchy "CarrierModulator:u3|nco:nco_inst|nco_st:nco_st_inst|asj_nco_as_m_cen:ux0121"
Info (12128): Elaborating entity "altsyncram" for hierarchy "CarrierModulator:u3|nco:nco_inst|nco_st:nco_st_inst|asj_nco_as_m_cen:ux0121|altsyncram:altsyncram_component0"
Info (12130): Elaborated megafunction instantiation "CarrierModulator:u3|nco:nco_inst|nco_st:nco_st_inst|asj_nco_as_m_cen:ux0121|altsyncram:altsyncram_component0"
Info (12133): Instantiated megafunction "CarrierModulator:u3|nco:nco_inst|nco_st:nco_st_inst|asj_nco_as_m_cen:ux0121|altsyncram:altsyncram_component0" with the following parameter:
    Info (12134): Parameter "operation_mode" = "ROM"
    Info (12134): Parameter "width_a" = "17"
    Info (12134): Parameter "widthad_a" = "13"
    Info (12134): Parameter "numwords_a" = "8192"
    Info (12134): Parameter "width_byteena_a" = "1"
    Info (12134): Parameter "outdata_reg_a" = "CLOCK0"
    Info (12134): Parameter "outdata_aclr_a" = "NONE"
    Info (12134): Parameter "address_aclr_a" = "NONE"
    Info (12134): Parameter "read_during_write_mode_mixed_ports" = "DONT_CARE"
    Info (12134): Parameter "ram_block_type" = "AUTO"
    Info (12134): Parameter "init_file" = "nco_cos.hex"
    Info (12134): Parameter "intended_device_family" = "CycloneII"
Info (12021): Found 1 design units, including 1 entities, in source file db/altsyncram_jt81.tdf
    Info (12023): Found entity 1: altsyncram_jt81
Info (12128): Elaborating entity "altsyncram_jt81" for hierarchy "CarrierModulator:u3|nco:nco_inst|nco_st:nco_st_inst|asj_nco_as_m_cen:ux0121|altsyncram:altsyncram_component0|altsyncram_jt81:auto_generated"
Info (12021): Found 1 design units, including 1 entities, in source file nco-library/segment_sel.v
    Info (12023): Found entity 1: segment_sel
Info (12128): Elaborating entity "segment_sel" for hierarchy "CarrierModulator:u3|nco:nco_inst|nco_st:nco_st_inst|segment_sel:rot"
Info (12021): Found 1 design units, including 1 entities, in source file nco-library/asj_nco_mob_rw.v
    Info (12023): Found entity 1: asj_nco_mob_rw
Info (12128): Elaborating entity "asj_nco_mob_rw" for hierarchy "CarrierModulator:u3|nco:nco_inst|nco_st:nco_st_inst|asj_nco_mob_rw:ux122"
Info (12021): Found 1 design units, including 1 entities, in source file nco-library/asj_nco_isdr.v
    Info (12023): Found entity 1: asj_nco_isdr
Info (12128): Elaborating entity "asj_nco_isdr" for hierarchy "CarrierModulator:u3|nco:nco_inst|nco_st:nco_st_inst|asj_nco_isdr:ux710isdr"
Info (12128): Elaborating entity "lpm_counter" for hierarchy "CarrierModulator:u3|nco:nco_inst|nco_st:nco_st_inst|asj_nco_isdr:ux710isdr|lpm_counter:lpm_counter_component"
Info (12130): Elaborated megafunction instantiation "CarrierModulator:u3|nco:nco_inst|nco_st:nco_st_inst|asj_nco_isdr:ux710isdr|lpm_counter:lpm_counter_component"
Info (12133): Instantiated megafunction "CarrierModulator:u3|nco:nco_inst|nco_st:nco_st_inst|asj_nco_isdr:ux710isdr|lpm_counter:lpm_counter_component" with the following parameter:
    Info (12134): Parameter "lpm_width" = "4"
    Info (12134): Parameter "lpm_type" = "LPM_COUNTER"
    Info (12134): Parameter "lpm_direction" = "UP"
Info (12021): Found 1 design units, including 1 entities, in source file db/cntr_ori.tdf
    Info (12023): Found entity 1: cntr_ori
Info (12128): Elaborating entity "cntr_ori" for hierarchy "CarrierModulator:u3|nco:nco_inst|nco_st:nco_st_inst|asj_nco_isdr:ux710isdr|lpm_counter:lpm_counter_component|cntr_ori:auto_generated"
Warning (12020): Port "cos_rom_d" on the entity instantiation of "rot" is connected to a signal of width 18. The formal width of the signal in the module is 17.  The extra bits will be ignored.
Warning (12020): Port "sin_rom_d" on the entity instantiation of "rot" is connected to a signal of width 18. The formal width of the signal in the module is 17.  The extra bits will be ignored.
Warning (12030): Port "pcc_d" on the entity instantiation of "ux0219" is connected to a signal of width 21. The formal width of the signal in the module is 22.  The extra bits will be left dangling without any fan-out logic.
Info (278001): Inferred 2 megafunctions from design logic
    Info (278003): Inferred multiplier megafunction ("lpm_mult") from the following logic: "CarrierModulator:u3|Mult1"
    Info (278003): Inferred multiplier megafunction ("lpm_mult") from the following logic: "CarrierModulator:u3|Mult0"
Info (12130): Elaborated megafunction instantiation "CarrierModulator:u3|lpm_mult:Mult1"
Info (12133): Instantiated megafunction "CarrierModulator:u3|lpm_mult:Mult1" with the following parameter:
    Info (12134): Parameter "LPM_WIDTHA" = "3"
    Info (12134): Parameter "LPM_WIDTHB" = "18"
    Info (12134): Parameter "LPM_WIDTHP" = "21"
    Info (12134): Parameter "LPM_WIDTHR" = "21"
    Info (12134): Parameter "LPM_WIDTHS" = "1"
    Info (12134): Parameter "LPM_REPRESENTATION" = "SIGNED"
    Info (12134): Parameter "INPUT_A_IS_CONSTANT" = "NO"
    Info (12134): Parameter "INPUT_B_IS_CONSTANT" = "NO"
    Info (12134): Parameter "MAXIMIZE_SPEED" = "6"
Info (12131): Elaborated megafunction instantiation "CarrierModulator:u3|lpm_mult:Mult1|multcore:mult_core", which is child of megafunction instantiation "CarrierModulator:u3|lpm_mult:Mult1"
Info (12131): Elaborated megafunction instantiation "CarrierModulator:u3|lpm_mult:Mult1|multcore:mult_core|mul_lfrg:mul_lfrg_first_mod", which is child of megafunction instantiation "CarrierModulator:u3|lpm_mult:Mult1"
Info (12131): Elaborated megafunction instantiation "CarrierModulator:u3|lpm_mult:Mult1|multcore:mult_core|mul_lfrg:mul_lfrg_last_mod", which is child of megafunction instantiation "CarrierModulator:u3|lpm_mult:Mult1"
Info (12131): Elaborated megafunction instantiation "CarrierModulator:u3|lpm_mult:Mult1|multcore:mult_core|mpar_add:padder", which is child of megafunction instantiation "CarrierModulator:u3|lpm_mult:Mult1"
Info (12131): Elaborated megafunction instantiation "CarrierModulator:u3|lpm_mult:Mult1|multcore:mult_core|mpar_add:padder|lpm_add_sub:booth_adder_right", which is child of megafunction instantiation "CarrierModulator:u3|lpm_mult:Mult1"
Info (12021): Found 1 design units, including 1 entities, in source file db/add_sub_mpf.tdf
    Info (12023): Found entity 1: add_sub_mpf
Info (12131): Elaborated megafunction instantiation "CarrierModulator:u3|lpm_mult:Mult1|multcore:mult_core|mpar_add:padder|lpm_add_sub:adder[0]", which is child of megafunction instantiation "CarrierModulator:u3|lpm_mult:Mult1"
Info (12021): Found 1 design units, including 1 entities, in source file db/add_sub_v5h.tdf
    Info (12023): Found entity 1: add_sub_v5h
Info (12131): Elaborated megafunction instantiation "CarrierModulator:u3|lpm_mult:Mult1|multcore:mult_core|mul_lfrg:$00031", which is child of megafunction instantiation "CarrierModulator:u3|lpm_mult:Mult1"
Info (12131): Elaborated megafunction instantiation "CarrierModulator:u3|lpm_mult:Mult1|multcore:mult_core|mul_lfrg:$00033", which is child of megafunction instantiation "CarrierModulator:u3|lpm_mult:Mult1"
Info (12131): Elaborated megafunction instantiation "CarrierModulator:u3|lpm_mult:Mult1|multcore:mult_core|mul_lfrg:$00035", which is child of megafunction instantiation "CarrierModulator:u3|lpm_mult:Mult1"
Info (12131): Elaborated megafunction instantiation "CarrierModulator:u3|lpm_mult:Mult1|multcore:mult_core|mul_lfrg:$00037", which is child of megafunction instantiation "CarrierModulator:u3|lpm_mult:Mult1"
Info (12131): Elaborated megafunction instantiation "CarrierModulator:u3|lpm_mult:Mult1|altshift:external_latency_ffs", which is child of megafunction instantiation "CarrierModulator:u3|lpm_mult:Mult1"
Info (13000): Registers with preset signals will power-up high
Info (13003): DEV_CLRn pin will set, and not reset, register with preset signal due to NOT Gate Push-Back
Info (286030): Timing-Driven Synthesis is running
Info (17049): 6 registers lost all their fanouts during netlist optimizations.
Info (17036): Removed 12 MSB VCC or GND address nodes from RAM block "CarrierModulator:u3|nco:nco_inst|nco_st:nco_st_inst|asj_nco_as_m_cen:ux0121|altsyncram:altsyncram_component0|altsyncram_jt81:auto_generated|ALTSYNCRAM"
Info (17036): Removed 12 MSB VCC or GND address nodes from RAM block "CarrierModulator:u3|nco:nco_inst|nco_st:nco_st_inst|asj_nco_as_m_cen:ux0120|altsyncram:altsyncram_component0|altsyncram_ot81:auto_generated|ALTSYNCRAM"
Info (16010): Generating hard_block partition "hard_block:auto_generated_inst"
    Info (16011): Adding 0 node(s), including 0 DDIO, 0 PLL, 0 transceiver and 0 LCELL
Info (21057): Implemented 628 device resources after synthesis - the final resource count might be different
    Info (21058): Implemented 6 input pins
    Info (21059): Implemented 66 output pins
    Info (21061): Implemented 522 logic cells
    Info (21064): Implemented 34 RAM segments
Info: Quartus II 64-Bit Analysis & Synthesis was successful. 0 errors, 7 warnings
    Info: Peak virtual memory: 4755 megabytes
    Info: Processing ended: Fri Mar 06 16:40:15 2026
    Info: Elapsed time: 00:00:03
    Info: Total CPU time (on all processors): 00:00:02


